The system is: Darwin - 16.5.0 - x86_64
Compiling the C compiler identification source file "CMakeCCompilerId.c" succeeded.
Compiler: /Applications/Xcode.app/Contents/Developer/Toolchains/XcodeDefault.xctoolchain/usr/bin/cc 
Build flags: 
Id flags: 

The output was:
0


Compilation of the C compiler identification source "CMakeCCompilerId.c" produced "a.out"

The C compiler identification is AppleClang, found in "/Users/chiaracarminati/Downloads/code-4.4.3/build/CMakeFiles/3.4.3/CompilerIdC/a.out"

Compiling the CXX compiler identification source file "CMakeCXXCompilerId.cpp" succeeded.
Compiler: /Applications/Xcode.app/Contents/Developer/Toolchains/XcodeDefault.xctoolchain/usr/bin/c++ 
Build flags: 
Id flags: 

The output was:
0


Compilation of the CXX compiler identification source "CMakeCXXCompilerId.cpp" produced "a.out"

The CXX compiler identification is AppleClang, found in "/Users/chiaracarminati/Downloads/code-4.4.3/build/CMakeFiles/3.4.3/CompilerIdCXX/a.out"

Determining if the C compiler works passed with the following output:
Change Dir: /Users/chiaracarminati/Downloads/code-4.4.3/build/CMakeFiles/CMakeTmp

Run Build Command:"/usr/bin/make" "cmTC_d2a19/fast"
/Applications/Xcode.app/Contents/Developer/usr/bin/make -f CMakeFiles/cmTC_d2a19.dir/build.make CMakeFiles/cmTC_d2a19.dir/build
Building C object CMakeFiles/cmTC_d2a19.dir/testCCompiler.c.o
/Applications/Xcode.app/Contents/Developer/Toolchains/XcodeDefault.xctoolchain/usr/bin/cc     -o CMakeFiles/cmTC_d2a19.dir/testCCompiler.c.o   -c /Users/chiaracarminati/Downloads/code-4.4.3/build/CMakeFiles/CMakeTmp/testCCompiler.c
Linking C executable cmTC_d2a19
/Applications/CMake.app/Contents/bin/cmake -E cmake_link_script CMakeFiles/cmTC_d2a19.dir/link.txt --verbose=1
/Applications/Xcode.app/Contents/Developer/Toolchains/XcodeDefault.xctoolchain/usr/bin/cc    -Wl,-search_paths_first -Wl,-headerpad_max_install_names   CMakeFiles/cmTC_d2a19.dir/testCCompiler.c.o  -o cmTC_d2a19  


Detecting C compiler ABI info compiled with the following output:
Change Dir: /Users/chiaracarminati/Downloads/code-4.4.3/build/CMakeFiles/CMakeTmp

Run Build Command:"/usr/bin/make" "cmTC_3c203/fast"
/Applications/Xcode.app/Contents/Developer/usr/bin/make -f CMakeFiles/cmTC_3c203.dir/build.make CMakeFiles/cmTC_3c203.dir/build
Building C object CMakeFiles/cmTC_3c203.dir/CMakeCCompilerABI.c.o
/Applications/Xcode.app/Contents/Developer/Toolchains/XcodeDefault.xctoolchain/usr/bin/cc     -o CMakeFiles/cmTC_3c203.dir/CMakeCCompilerABI.c.o   -c /Applications/CMake.app/Contents/share/cmake-3.4/Modules/CMakeCCompilerABI.c
Linking C executable cmTC_3c203
/Applications/CMake.app/Contents/bin/cmake -E cmake_link_script CMakeFiles/cmTC_3c203.dir/link.txt --verbose=1
/Applications/Xcode.app/Contents/Developer/Toolchains/XcodeDefault.xctoolchain/usr/bin/cc    -Wl,-search_paths_first -Wl,-headerpad_max_install_names  -v -Wl,-v CMakeFiles/cmTC_3c203.dir/CMakeCCompilerABI.c.o  -o cmTC_3c203   
Apple LLVM version 8.1.0 (clang-802.0.42)
Target: x86_64-apple-darwin16.5.0
Thread model: posix
InstalledDir: /Applications/Xcode.app/Contents/Developer/Toolchains/XcodeDefault.xctoolchain/usr/bin
 "/Applications/Xcode.app/Contents/Developer/Toolchains/XcodeDefault.xctoolchain/usr/bin/ld" -demangle -lto_library /Applications/Xcode.app/Contents/Developer/Toolchains/XcodeDefault.xctoolchain/usr/lib/libLTO.dylib -dynamic -arch x86_64 -macosx_version_min 10.12.0 -o cmTC_3c203 -search_paths_first -headerpad_max_install_names -v CMakeFiles/cmTC_3c203.dir/CMakeCCompilerABI.c.o -lSystem /Applications/Xcode.app/Contents/Developer/Toolchains/XcodeDefault.xctoolchain/usr/bin/../lib/clang/8.1.0/lib/darwin/libclang_rt.osx.a
@(#)PROGRAM:ld  PROJECT:ld64-278.4
configured to support archs: armv6 armv7 armv7s arm64 i386 x86_64 x86_64h armv6m armv7k armv7m armv7em (tvOS)
Library search paths:
	/usr/lib
	/usr/local/lib
Framework search paths:
	/Library/Frameworks/
	/System/Library/Frameworks/


Parsed C implicit link information from above output:
  link line regex: [^( *|.*[/\])(ld|([^/\]+-)?ld|collect2)[^/\]*( |$)]
  ignore line: [Change Dir: /Users/chiaracarminati/Downloads/code-4.4.3/build/CMakeFiles/CMakeTmp]
  ignore line: []
  ignore line: [Run Build Command:"/usr/bin/make" "cmTC_3c203/fast"]
  ignore line: [/Applications/Xcode.app/Contents/Developer/usr/bin/make -f CMakeFiles/cmTC_3c203.dir/build.make CMakeFiles/cmTC_3c203.dir/build]
  ignore line: [Building C object CMakeFiles/cmTC_3c203.dir/CMakeCCompilerABI.c.o]
  ignore line: [/Applications/Xcode.app/Contents/Developer/Toolchains/XcodeDefault.xctoolchain/usr/bin/cc     -o CMakeFiles/cmTC_3c203.dir/CMakeCCompilerABI.c.o   -c /Applications/CMake.app/Contents/share/cmake-3.4/Modules/CMakeCCompilerABI.c]
  ignore line: [Linking C executable cmTC_3c203]
  ignore line: [/Applications/CMake.app/Contents/bin/cmake -E cmake_link_script CMakeFiles/cmTC_3c203.dir/link.txt --verbose=1]
  ignore line: [/Applications/Xcode.app/Contents/Developer/Toolchains/XcodeDefault.xctoolchain/usr/bin/cc    -Wl,-search_paths_first -Wl,-headerpad_max_install_names  -v -Wl,-v CMakeFiles/cmTC_3c203.dir/CMakeCCompilerABI.c.o  -o cmTC_3c203   ]
  ignore line: [Apple LLVM version 8.1.0 (clang-802.0.42)]
  ignore line: [Target: x86_64-apple-darwin16.5.0]
  ignore line: [Thread model: posix]
  ignore line: [InstalledDir: /Applications/Xcode.app/Contents/Developer/Toolchains/XcodeDefault.xctoolchain/usr/bin]
  link line: [ "/Applications/Xcode.app/Contents/Developer/Toolchains/XcodeDefault.xctoolchain/usr/bin/ld" -demangle -lto_library /Applications/Xcode.app/Contents/Developer/Toolchains/XcodeDefault.xctoolchain/usr/lib/libLTO.dylib -dynamic -arch x86_64 -macosx_version_min 10.12.0 -o cmTC_3c203 -search_paths_first -headerpad_max_install_names -v CMakeFiles/cmTC_3c203.dir/CMakeCCompilerABI.c.o -lSystem /Applications/Xcode.app/Contents/Developer/Toolchains/XcodeDefault.xctoolchain/usr/bin/../lib/clang/8.1.0/lib/darwin/libclang_rt.osx.a]
    arg [/Applications/Xcode.app/Contents/Developer/Toolchains/XcodeDefault.xctoolchain/usr/bin/ld] ==> ignore
    arg [-demangle] ==> ignore
    arg [-lto_library] ==> lib [to_library]
    arg [/Applications/Xcode.app/Contents/Developer/Toolchains/XcodeDefault.xctoolchain/usr/lib/libLTO.dylib] ==> ignore
    arg [-dynamic] ==> ignore
    arg [-arch] ==> ignore
    arg [x86_64] ==> ignore
    arg [-macosx_version_min] ==> ignore
    arg [10.12.0] ==> ignore
    arg [-o] ==> ignore
    arg [cmTC_3c203] ==> ignore
    arg [-search_paths_first] ==> ignore
    arg [-headerpad_max_install_names] ==> ignore
    arg [-v] ==> ignore
    arg [CMakeFiles/cmTC_3c203.dir/CMakeCCompilerABI.c.o] ==> ignore
    arg [-lSystem] ==> lib [System]
    arg [/Applications/Xcode.app/Contents/Developer/Toolchains/XcodeDefault.xctoolchain/usr/bin/../lib/clang/8.1.0/lib/darwin/libclang_rt.osx.a] ==> lib [/Applications/Xcode.app/Contents/Developer/Toolchains/XcodeDefault.xctoolchain/usr/bin/../lib/clang/8.1.0/lib/darwin/libclang_rt.osx.a]
  Library search paths: [;/usr/lib;/usr/local/lib]
  Framework search paths: [;/Library/Frameworks/;/System/Library/Frameworks/]
  remove lib [System]
  collapse lib [/Applications/Xcode.app/Contents/Developer/Toolchains/XcodeDefault.xctoolchain/usr/bin/../lib/clang/8.1.0/lib/darwin/libclang_rt.osx.a] ==> [/Applications/Xcode.app/Contents/Developer/Toolchains/XcodeDefault.xctoolchain/usr/lib/clang/8.1.0/lib/darwin/libclang_rt.osx.a]
  collapse library dir [/usr/lib] ==> [/usr/lib]
  collapse library dir [/usr/local/lib] ==> [/usr/local/lib]
  collapse framework dir [/Library/Frameworks/] ==> [/Library/Frameworks]
  collapse framework dir [/System/Library/Frameworks/] ==> [/System/Library/Frameworks]
  implicit libs: [to_library;/Applications/Xcode.app/Contents/Developer/Toolchains/XcodeDefault.xctoolchain/usr/lib/clang/8.1.0/lib/darwin/libclang_rt.osx.a]
  implicit dirs: [/usr/lib;/usr/local/lib]
  implicit fwks: [/Library/Frameworks;/System/Library/Frameworks]




Detecting C [-std=c11] compiler features compiled with the following output:
Change Dir: /Users/chiaracarminati/Downloads/code-4.4.3/build/CMakeFiles/CMakeTmp

Run Build Command:"/usr/bin/make" "cmTC_13e78/fast"
/Applications/Xcode.app/Contents/Developer/usr/bin/make -f CMakeFiles/cmTC_13e78.dir/build.make CMakeFiles/cmTC_13e78.dir/build
Building C object CMakeFiles/cmTC_13e78.dir/feature_tests.c.o
/Applications/Xcode.app/Contents/Developer/Toolchains/XcodeDefault.xctoolchain/usr/bin/cc    -std=c11 -o CMakeFiles/cmTC_13e78.dir/feature_tests.c.o   -c /Users/chiaracarminati/Downloads/code-4.4.3/build/CMakeFiles/feature_tests.c
Linking C executable cmTC_13e78
/Applications/CMake.app/Contents/bin/cmake -E cmake_link_script CMakeFiles/cmTC_13e78.dir/link.txt --verbose=1
/Applications/Xcode.app/Contents/Developer/Toolchains/XcodeDefault.xctoolchain/usr/bin/cc    -Wl,-search_paths_first -Wl,-headerpad_max_install_names   CMakeFiles/cmTC_13e78.dir/feature_tests.c.o  -o cmTC_13e78  


    Feature record: C_FEATURE:1c_function_prototypes
    Feature record: C_FEATURE:1c_restrict
    Feature record: C_FEATURE:1c_static_assert
    Feature record: C_FEATURE:1c_variadic_macros


Detecting C [-std=c99] compiler features compiled with the following output:
Change Dir: /Users/chiaracarminati/Downloads/code-4.4.3/build/CMakeFiles/CMakeTmp

Run Build Command:"/usr/bin/make" "cmTC_06bd9/fast"
/Applications/Xcode.app/Contents/Developer/usr/bin/make -f CMakeFiles/cmTC_06bd9.dir/build.make CMakeFiles/cmTC_06bd9.dir/build
Building C object CMakeFiles/cmTC_06bd9.dir/feature_tests.c.o
/Applications/Xcode.app/Contents/Developer/Toolchains/XcodeDefault.xctoolchain/usr/bin/cc    -std=c99 -o CMakeFiles/cmTC_06bd9.dir/feature_tests.c.o   -c /Users/chiaracarminati/Downloads/code-4.4.3/build/CMakeFiles/feature_tests.c
Linking C executable cmTC_06bd9
/Applications/CMake.app/Contents/bin/cmake -E cmake_link_script CMakeFiles/cmTC_06bd9.dir/link.txt --verbose=1
/Applications/Xcode.app/Contents/Developer/Toolchains/XcodeDefault.xctoolchain/usr/bin/cc    -Wl,-search_paths_first -Wl,-headerpad_max_install_names   CMakeFiles/cmTC_06bd9.dir/feature_tests.c.o  -o cmTC_06bd9  


    Feature record: C_FEATURE:1c_function_prototypes
    Feature record: C_FEATURE:1c_restrict
    Feature record: C_FEATURE:0c_static_assert
    Feature record: C_FEATURE:1c_variadic_macros


Detecting C [-std=c90] compiler features compiled with the following output:
Change Dir: /Users/chiaracarminati/Downloads/code-4.4.3/build/CMakeFiles/CMakeTmp

Run Build Command:"/usr/bin/make" "cmTC_9ad16/fast"
/Applications/Xcode.app/Contents/Developer/usr/bin/make -f CMakeFiles/cmTC_9ad16.dir/build.make CMakeFiles/cmTC_9ad16.dir/build
Building C object CMakeFiles/cmTC_9ad16.dir/feature_tests.c.o
/Applications/Xcode.app/Contents/Developer/Toolchains/XcodeDefault.xctoolchain/usr/bin/cc    -std=c90 -o CMakeFiles/cmTC_9ad16.dir/feature_tests.c.o   -c /Users/chiaracarminati/Downloads/code-4.4.3/build/CMakeFiles/feature_tests.c
Linking C executable cmTC_9ad16
/Applications/CMake.app/Contents/bin/cmake -E cmake_link_script CMakeFiles/cmTC_9ad16.dir/link.txt --verbose=1
/Applications/Xcode.app/Contents/Developer/Toolchains/XcodeDefault.xctoolchain/usr/bin/cc    -Wl,-search_paths_first -Wl,-headerpad_max_install_names   CMakeFiles/cmTC_9ad16.dir/feature_tests.c.o  -o cmTC_9ad16  


    Feature record: C_FEATURE:1c_function_prototypes
    Feature record: C_FEATURE:0c_restrict
    Feature record: C_FEATURE:0c_static_assert
    Feature record: C_FEATURE:0c_variadic_macros
Determining if the CXX compiler works passed with the following output:
Change Dir: /Users/chiaracarminati/Downloads/code-4.4.3/build/CMakeFiles/CMakeTmp

Run Build Command:"/usr/bin/make" "cmTC_b7e35/fast"
/Applications/Xcode.app/Contents/Developer/usr/bin/make -f CMakeFiles/cmTC_b7e35.dir/build.make CMakeFiles/cmTC_b7e35.dir/build
Building CXX object CMakeFiles/cmTC_b7e35.dir/testCXXCompiler.cxx.o
/Applications/Xcode.app/Contents/Developer/Toolchains/XcodeDefault.xctoolchain/usr/bin/c++      -o CMakeFiles/cmTC_b7e35.dir/testCXXCompiler.cxx.o -c /Users/chiaracarminati/Downloads/code-4.4.3/build/CMakeFiles/CMakeTmp/testCXXCompiler.cxx
Linking CXX executable cmTC_b7e35
/Applications/CMake.app/Contents/bin/cmake -E cmake_link_script CMakeFiles/cmTC_b7e35.dir/link.txt --verbose=1
/Applications/Xcode.app/Contents/Developer/Toolchains/XcodeDefault.xctoolchain/usr/bin/c++     -Wl,-search_paths_first -Wl,-headerpad_max_install_names   CMakeFiles/cmTC_b7e35.dir/testCXXCompiler.cxx.o  -o cmTC_b7e35  


Detecting CXX compiler ABI info compiled with the following output:
Change Dir: /Users/chiaracarminati/Downloads/code-4.4.3/build/CMakeFiles/CMakeTmp

Run Build Command:"/usr/bin/make" "cmTC_4eb71/fast"
/Applications/Xcode.app/Contents/Developer/usr/bin/make -f CMakeFiles/cmTC_4eb71.dir/build.make CMakeFiles/cmTC_4eb71.dir/build
Building CXX object CMakeFiles/cmTC_4eb71.dir/CMakeCXXCompilerABI.cpp.o
/Applications/Xcode.app/Contents/Developer/Toolchains/XcodeDefault.xctoolchain/usr/bin/c++      -o CMakeFiles/cmTC_4eb71.dir/CMakeCXXCompilerABI.cpp.o -c /Applications/CMake.app/Contents/share/cmake-3.4/Modules/CMakeCXXCompilerABI.cpp
Linking CXX executable cmTC_4eb71
/Applications/CMake.app/Contents/bin/cmake -E cmake_link_script CMakeFiles/cmTC_4eb71.dir/link.txt --verbose=1
/Applications/Xcode.app/Contents/Developer/Toolchains/XcodeDefault.xctoolchain/usr/bin/c++     -Wl,-search_paths_first -Wl,-headerpad_max_install_names  -v -Wl,-v CMakeFiles/cmTC_4eb71.dir/CMakeCXXCompilerABI.cpp.o  -o cmTC_4eb71   
Apple LLVM version 8.1.0 (clang-802.0.42)
Target: x86_64-apple-darwin16.5.0
Thread model: posix
InstalledDir: /Applications/Xcode.app/Contents/Developer/Toolchains/XcodeDefault.xctoolchain/usr/bin
 "/Applications/Xcode.app/Contents/Developer/Toolchains/XcodeDefault.xctoolchain/usr/bin/ld" -demangle -lto_library /Applications/Xcode.app/Contents/Developer/Toolchains/XcodeDefault.xctoolchain/usr/lib/libLTO.dylib -dynamic -arch x86_64 -macosx_version_min 10.12.0 -o cmTC_4eb71 -search_paths_first -headerpad_max_install_names -v CMakeFiles/cmTC_4eb71.dir/CMakeCXXCompilerABI.cpp.o -lc++ -lSystem /Applications/Xcode.app/Contents/Developer/Toolchains/XcodeDefault.xctoolchain/usr/bin/../lib/clang/8.1.0/lib/darwin/libclang_rt.osx.a
@(#)PROGRAM:ld  PROJECT:ld64-278.4
configured to support archs: armv6 armv7 armv7s arm64 i386 x86_64 x86_64h armv6m armv7k armv7m armv7em (tvOS)
Library search paths:
	/usr/lib
	/usr/local/lib
Framework search paths:
	/Library/Frameworks/
	/System/Library/Frameworks/


Parsed CXX implicit link information from above output:
  link line regex: [^( *|.*[/\])(ld|([^/\]+-)?ld|collect2)[^/\]*( |$)]
  ignore line: [Change Dir: /Users/chiaracarminati/Downloads/code-4.4.3/build/CMakeFiles/CMakeTmp]
  ignore line: []
  ignore line: [Run Build Command:"/usr/bin/make" "cmTC_4eb71/fast"]
  ignore line: [/Applications/Xcode.app/Contents/Developer/usr/bin/make -f CMakeFiles/cmTC_4eb71.dir/build.make CMakeFiles/cmTC_4eb71.dir/build]
  ignore line: [Building CXX object CMakeFiles/cmTC_4eb71.dir/CMakeCXXCompilerABI.cpp.o]
  ignore line: [/Applications/Xcode.app/Contents/Developer/Toolchains/XcodeDefault.xctoolchain/usr/bin/c++      -o CMakeFiles/cmTC_4eb71.dir/CMakeCXXCompilerABI.cpp.o -c /Applications/CMake.app/Contents/share/cmake-3.4/Modules/CMakeCXXCompilerABI.cpp]
  ignore line: [Linking CXX executable cmTC_4eb71]
  ignore line: [/Applications/CMake.app/Contents/bin/cmake -E cmake_link_script CMakeFiles/cmTC_4eb71.dir/link.txt --verbose=1]
  ignore line: [/Applications/Xcode.app/Contents/Developer/Toolchains/XcodeDefault.xctoolchain/usr/bin/c++     -Wl,-search_paths_first -Wl,-headerpad_max_install_names  -v -Wl,-v CMakeFiles/cmTC_4eb71.dir/CMakeCXXCompilerABI.cpp.o  -o cmTC_4eb71   ]
  ignore line: [Apple LLVM version 8.1.0 (clang-802.0.42)]
  ignore line: [Target: x86_64-apple-darwin16.5.0]
  ignore line: [Thread model: posix]
  ignore line: [InstalledDir: /Applications/Xcode.app/Contents/Developer/Toolchains/XcodeDefault.xctoolchain/usr/bin]
  link line: [ "/Applications/Xcode.app/Contents/Developer/Toolchains/XcodeDefault.xctoolchain/usr/bin/ld" -demangle -lto_library /Applications/Xcode.app/Contents/Developer/Toolchains/XcodeDefault.xctoolchain/usr/lib/libLTO.dylib -dynamic -arch x86_64 -macosx_version_min 10.12.0 -o cmTC_4eb71 -search_paths_first -headerpad_max_install_names -v CMakeFiles/cmTC_4eb71.dir/CMakeCXXCompilerABI.cpp.o -lc++ -lSystem /Applications/Xcode.app/Contents/Developer/Toolchains/XcodeDefault.xctoolchain/usr/bin/../lib/clang/8.1.0/lib/darwin/libclang_rt.osx.a]
    arg [/Applications/Xcode.app/Contents/Developer/Toolchains/XcodeDefault.xctoolchain/usr/bin/ld] ==> ignore
    arg [-demangle] ==> ignore
    arg [-lto_library] ==> lib [to_library]
    arg [/Applications/Xcode.app/Contents/Developer/Toolchains/XcodeDefault.xctoolchain/usr/lib/libLTO.dylib] ==> ignore
    arg [-dynamic] ==> ignore
    arg [-arch] ==> ignore
    arg [x86_64] ==> ignore
    arg [-macosx_version_min] ==> ignore
    arg [10.12.0] ==> ignore
    arg [-o] ==> ignore
    arg [cmTC_4eb71] ==> ignore
    arg [-search_paths_first] ==> ignore
    arg [-headerpad_max_install_names] ==> ignore
    arg [-v] ==> ignore
    arg [CMakeFiles/cmTC_4eb71.dir/CMakeCXXCompilerABI.cpp.o] ==> ignore
    arg [-lc++] ==> lib [c++]
    arg [-lSystem] ==> lib [System]
    arg [/Applications/Xcode.app/Contents/Developer/Toolchains/XcodeDefault.xctoolchain/usr/bin/../lib/clang/8.1.0/lib/darwin/libclang_rt.osx.a] ==> lib [/Applications/Xcode.app/Contents/Developer/Toolchains/XcodeDefault.xctoolchain/usr/bin/../lib/clang/8.1.0/lib/darwin/libclang_rt.osx.a]
  Library search paths: [;/usr/lib;/usr/local/lib]
  Framework search paths: [;/Library/Frameworks/;/System/Library/Frameworks/]
  remove lib [System]
  collapse lib [/Applications/Xcode.app/Contents/Developer/Toolchains/XcodeDefault.xctoolchain/usr/bin/../lib/clang/8.1.0/lib/darwin/libclang_rt.osx.a] ==> [/Applications/Xcode.app/Contents/Developer/Toolchains/XcodeDefault.xctoolchain/usr/lib/clang/8.1.0/lib/darwin/libclang_rt.osx.a]
  collapse library dir [/usr/lib] ==> [/usr/lib]
  collapse library dir [/usr/local/lib] ==> [/usr/local/lib]
  collapse framework dir [/Library/Frameworks/] ==> [/Library/Frameworks]
  collapse framework dir [/System/Library/Frameworks/] ==> [/System/Library/Frameworks]
  implicit libs: [to_library;c++;/Applications/Xcode.app/Contents/Developer/Toolchains/XcodeDefault.xctoolchain/usr/lib/clang/8.1.0/lib/darwin/libclang_rt.osx.a]
  implicit dirs: [/usr/lib;/usr/local/lib]
  implicit fwks: [/Library/Frameworks;/System/Library/Frameworks]




Detecting CXX [-std=c++14] compiler features compiled with the following output:
Change Dir: /Users/chiaracarminati/Downloads/code-4.4.3/build/CMakeFiles/CMakeTmp

Run Build Command:"/usr/bin/make" "cmTC_75f59/fast"
/Applications/Xcode.app/Contents/Developer/usr/bin/make -f CMakeFiles/cmTC_75f59.dir/build.make CMakeFiles/cmTC_75f59.dir/build
Building CXX object CMakeFiles/cmTC_75f59.dir/feature_tests.cxx.o
/Applications/Xcode.app/Contents/Developer/Toolchains/XcodeDefault.xctoolchain/usr/bin/c++     -std=c++14 -o CMakeFiles/cmTC_75f59.dir/feature_tests.cxx.o -c /Users/chiaracarminati/Downloads/code-4.4.3/build/CMakeFiles/feature_tests.cxx
Linking CXX executable cmTC_75f59
/Applications/CMake.app/Contents/bin/cmake -E cmake_link_script CMakeFiles/cmTC_75f59.dir/link.txt --verbose=1
/Applications/Xcode.app/Contents/Developer/Toolchains/XcodeDefault.xctoolchain/usr/bin/c++     -Wl,-search_paths_first -Wl,-headerpad_max_install_names   CMakeFiles/cmTC_75f59.dir/feature_tests.cxx.o  -o cmTC_75f59  


    Feature record: CXX_FEATURE:1cxx_aggregate_default_initializers
    Feature record: CXX_FEATURE:1cxx_alias_templates
    Feature record: CXX_FEATURE:1cxx_alignas
    Feature record: CXX_FEATURE:1cxx_alignof
    Feature record: CXX_FEATURE:1cxx_attributes
    Feature record: CXX_FEATURE:1cxx_attribute_deprecated
    Feature record: CXX_FEATURE:1cxx_auto_type
    Feature record: CXX_FEATURE:1cxx_binary_literals
    Feature record: CXX_FEATURE:1cxx_constexpr
    Feature record: CXX_FEATURE:1cxx_contextual_conversions
    Feature record: CXX_FEATURE:1cxx_decltype
    Feature record: CXX_FEATURE:1cxx_decltype_auto
    Feature record: CXX_FEATURE:1cxx_decltype_incomplete_return_types
    Feature record: CXX_FEATURE:1cxx_default_function_template_args
    Feature record: CXX_FEATURE:1cxx_defaulted_functions
    Feature record: CXX_FEATURE:1cxx_defaulted_move_initializers
    Feature record: CXX_FEATURE:1cxx_delegating_constructors
    Feature record: CXX_FEATURE:1cxx_deleted_functions
    Feature record: CXX_FEATURE:1cxx_digit_separators
    Feature record: CXX_FEATURE:1cxx_enum_forward_declarations
    Feature record: CXX_FEATURE:1cxx_explicit_conversions
    Feature record: CXX_FEATURE:1cxx_extended_friend_declarations
    Feature record: CXX_FEATURE:1cxx_extern_templates
    Feature record: CXX_FEATURE:1cxx_final
    Feature record: CXX_FEATURE:1cxx_func_identifier
    Feature record: CXX_FEATURE:1cxx_generalized_initializers
    Feature record: CXX_FEATURE:1cxx_generic_lambdas
    Feature record: CXX_FEATURE:1cxx_inheriting_constructors
    Feature record: CXX_FEATURE:1cxx_inline_namespaces
    Feature record: CXX_FEATURE:1cxx_lambdas
    Feature record: CXX_FEATURE:1cxx_lambda_init_captures
    Feature record: CXX_FEATURE:1cxx_local_type_template_args
    Feature record: CXX_FEATURE:1cxx_long_long_type
    Feature record: CXX_FEATURE:1cxx_noexcept
    Feature record: CXX_FEATURE:1cxx_nonstatic_member_init
    Feature record: CXX_FEATURE:1cxx_nullptr
    Feature record: CXX_FEATURE:1cxx_override
    Feature record: CXX_FEATURE:1cxx_range_for
    Feature record: CXX_FEATURE:1cxx_raw_string_literals
    Feature record: CXX_FEATURE:1cxx_reference_qualified_functions
    Feature record: CXX_FEATURE:1cxx_relaxed_constexpr
    Feature record: CXX_FEATURE:1cxx_return_type_deduction
    Feature record: CXX_FEATURE:1cxx_right_angle_brackets
    Feature record: CXX_FEATURE:1cxx_rvalue_references
    Feature record: CXX_FEATURE:1cxx_sizeof_member
    Feature record: CXX_FEATURE:1cxx_static_assert
    Feature record: CXX_FEATURE:1cxx_strong_enums
    Feature record: CXX_FEATURE:1cxx_template_template_parameters
    Feature record: CXX_FEATURE:1cxx_thread_local
    Feature record: CXX_FEATURE:1cxx_trailing_return_types
    Feature record: CXX_FEATURE:1cxx_unicode_literals
    Feature record: CXX_FEATURE:1cxx_uniform_initialization
    Feature record: CXX_FEATURE:1cxx_unrestricted_unions
    Feature record: CXX_FEATURE:1cxx_user_literals
    Feature record: CXX_FEATURE:1cxx_variable_templates
    Feature record: CXX_FEATURE:1cxx_variadic_macros
    Feature record: CXX_FEATURE:1cxx_variadic_templates


Detecting CXX [-std=c++11] compiler features compiled with the following output:
Change Dir: /Users/chiaracarminati/Downloads/code-4.4.3/build/CMakeFiles/CMakeTmp

Run Build Command:"/usr/bin/make" "cmTC_945d4/fast"
/Applications/Xcode.app/Contents/Developer/usr/bin/make -f CMakeFiles/cmTC_945d4.dir/build.make CMakeFiles/cmTC_945d4.dir/build
Building CXX object CMakeFiles/cmTC_945d4.dir/feature_tests.cxx.o
/Applications/Xcode.app/Contents/Developer/Toolchains/XcodeDefault.xctoolchain/usr/bin/c++     -std=c++11 -o CMakeFiles/cmTC_945d4.dir/feature_tests.cxx.o -c /Users/chiaracarminati/Downloads/code-4.4.3/build/CMakeFiles/feature_tests.cxx
Linking CXX executable cmTC_945d4
/Applications/CMake.app/Contents/bin/cmake -E cmake_link_script CMakeFiles/cmTC_945d4.dir/link.txt --verbose=1
/Applications/Xcode.app/Contents/Developer/Toolchains/XcodeDefault.xctoolchain/usr/bin/c++     -Wl,-search_paths_first -Wl,-headerpad_max_install_names   CMakeFiles/cmTC_945d4.dir/feature_tests.cxx.o  -o cmTC_945d4  


    Feature record: CXX_FEATURE:0cxx_aggregate_default_initializers
    Feature record: CXX_FEATURE:1cxx_alias_templates
    Feature record: CXX_FEATURE:1cxx_alignas
    Feature record: CXX_FEATURE:1cxx_alignof
    Feature record: CXX_FEATURE:1cxx_attributes
    Feature record: CXX_FEATURE:0cxx_attribute_deprecated
    Feature record: CXX_FEATURE:1cxx_auto_type
    Feature record: CXX_FEATURE:0cxx_binary_literals
    Feature record: CXX_FEATURE:1cxx_constexpr
    Feature record: CXX_FEATURE:0cxx_contextual_conversions
    Feature record: CXX_FEATURE:1cxx_decltype
    Feature record: CXX_FEATURE:0cxx_decltype_auto
    Feature record: CXX_FEATURE:1cxx_decltype_incomplete_return_types
    Feature record: CXX_FEATURE:1cxx_default_function_template_args
    Feature record: CXX_FEATURE:1cxx_defaulted_functions
    Feature record: CXX_FEATURE:1cxx_defaulted_move_initializers
    Feature record: CXX_FEATURE:1cxx_delegating_constructors
    Feature record: CXX_FEATURE:1cxx_deleted_functions
    Feature record: CXX_FEATURE:0cxx_digit_separators
    Feature record: CXX_FEATURE:1cxx_enum_forward_declarations
    Feature record: CXX_FEATURE:1cxx_explicit_conversions
    Feature record: CXX_FEATURE:1cxx_extended_friend_declarations
    Feature record: CXX_FEATURE:1cxx_extern_templates
    Feature record: CXX_FEATURE:1cxx_final
    Feature record: CXX_FEATURE:1cxx_func_identifier
    Feature record: CXX_FEATURE:1cxx_generalized_initializers
    Feature record: CXX_FEATURE:0cxx_generic_lambdas
    Feature record: CXX_FEATURE:1cxx_inheriting_constructors
    Feature record: CXX_FEATURE:1cxx_inline_namespaces
    Feature record: CXX_FEATURE:1cxx_lambdas
    Feature record: CXX_FEATURE:0cxx_lambda_init_captures
    Feature record: CXX_FEATURE:1cxx_local_type_template_args
    Feature record: CXX_FEATURE:1cxx_long_long_type
    Feature record: CXX_FEATURE:1cxx_noexcept
    Feature record: CXX_FEATURE:1cxx_nonstatic_member_init
    Feature record: CXX_FEATURE:1cxx_nullptr
    Feature record: CXX_FEATURE:1cxx_override
    Feature record: CXX_FEATURE:1cxx_range_for
    Feature record: CXX_FEATURE:1cxx_raw_string_literals
    Feature record: CXX_FEATURE:1cxx_reference_qualified_functions
    Feature record: CXX_FEATURE:0cxx_relaxed_constexpr
    Feature record: CXX_FEATURE:0cxx_return_type_deduction
    Feature record: CXX_FEATURE:1cxx_right_angle_brackets
    Feature record: CXX_FEATURE:1cxx_rvalue_references
    Feature record: CXX_FEATURE:1cxx_sizeof_member
    Feature record: CXX_FEATURE:1cxx_static_assert
    Feature record: CXX_FEATURE:1cxx_strong_enums
    Feature record: CXX_FEATURE:1cxx_template_template_parameters
    Feature record: CXX_FEATURE:1cxx_thread_local
    Feature record: CXX_FEATURE:1cxx_trailing_return_types
    Feature record: CXX_FEATURE:1cxx_unicode_literals
    Feature record: CXX_FEATURE:1cxx_uniform_initialization
    Feature record: CXX_FEATURE:1cxx_unrestricted_unions
    Feature record: CXX_FEATURE:1cxx_user_literals
    Feature record: CXX_FEATURE:0cxx_variable_templates
    Feature record: CXX_FEATURE:1cxx_variadic_macros
    Feature record: CXX_FEATURE:1cxx_variadic_templates


Detecting CXX [-std=c++98] compiler features compiled with the following output:
Change Dir: /Users/chiaracarminati/Downloads/code-4.4.3/build/CMakeFiles/CMakeTmp

Run Build Command:"/usr/bin/make" "cmTC_8212e/fast"
/Applications/Xcode.app/Contents/Developer/usr/bin/make -f CMakeFiles/cmTC_8212e.dir/build.make CMakeFiles/cmTC_8212e.dir/build
Building CXX object CMakeFiles/cmTC_8212e.dir/feature_tests.cxx.o
/Applications/Xcode.app/Contents/Developer/Toolchains/XcodeDefault.xctoolchain/usr/bin/c++     -std=c++98 -o CMakeFiles/cmTC_8212e.dir/feature_tests.cxx.o -c /Users/chiaracarminati/Downloads/code-4.4.3/build/CMakeFiles/feature_tests.cxx
Linking CXX executable cmTC_8212e
/Applications/CMake.app/Contents/bin/cmake -E cmake_link_script CMakeFiles/cmTC_8212e.dir/link.txt --verbose=1
/Applications/Xcode.app/Contents/Developer/Toolchains/XcodeDefault.xctoolchain/usr/bin/c++     -Wl,-search_paths_first -Wl,-headerpad_max_install_names   CMakeFiles/cmTC_8212e.dir/feature_tests.cxx.o  -o cmTC_8212e  


    Feature record: CXX_FEATURE:0cxx_aggregate_default_initializers
    Feature record: CXX_FEATURE:0cxx_alias_templates
    Feature record: CXX_FEATURE:0cxx_alignas
    Feature record: CXX_FEATURE:0cxx_alignof
    Feature record: CXX_FEATURE:0cxx_attributes
    Feature record: CXX_FEATURE:0cxx_attribute_deprecated
    Feature record: CXX_FEATURE:0cxx_auto_type
    Feature record: CXX_FEATURE:0cxx_binary_literals
    Feature record: CXX_FEATURE:0cxx_constexpr
    Feature record: CXX_FEATURE:0cxx_contextual_conversions
    Feature record: CXX_FEATURE:0cxx_decltype
    Feature record: CXX_FEATURE:0cxx_decltype_auto
    Feature record: CXX_FEATURE:0cxx_decltype_incomplete_return_types
    Feature record: CXX_FEATURE:0cxx_default_function_template_args
    Feature record: CXX_FEATURE:0cxx_defaulted_functions
    Feature record: CXX_FEATURE:0cxx_defaulted_move_initializers
    Feature record: CXX_FEATURE:0cxx_delegating_constructors
    Feature record: CXX_FEATURE:0cxx_deleted_functions
    Feature record: CXX_FEATURE:0cxx_digit_separators
    Feature record: CXX_FEATURE:0cxx_enum_forward_declarations
    Feature record: CXX_FEATURE:0cxx_explicit_conversions
    Feature record: CXX_FEATURE:0cxx_extended_friend_declarations
    Feature record: CXX_FEATURE:0cxx_extern_templates
    Feature record: CXX_FEATURE:0cxx_final
    Feature record: CXX_FEATURE:0cxx_func_identifier
    Feature record: CXX_FEATURE:0cxx_generalized_initializers
    Feature record: CXX_FEATURE:0cxx_generic_lambdas
    Feature record: CXX_FEATURE:0cxx_inheriting_constructors
    Feature record: CXX_FEATURE:0cxx_inline_namespaces
    Feature record: CXX_FEATURE:0cxx_lambdas
    Feature record: CXX_FEATURE:0cxx_lambda_init_captures
    Feature record: CXX_FEATURE:0cxx_local_type_template_args
    Feature record: CXX_FEATURE:0cxx_long_long_type
    Feature record: CXX_FEATURE:0cxx_noexcept
    Feature record: CXX_FEATURE:0cxx_nonstatic_member_init
    Feature record: CXX_FEATURE:0cxx_nullptr
    Feature record: CXX_FEATURE:0cxx_override
    Feature record: CXX_FEATURE:0cxx_range_for
    Feature record: CXX_FEATURE:0cxx_raw_string_literals
    Feature record: CXX_FEATURE:0cxx_reference_qualified_functions
    Feature record: CXX_FEATURE:0cxx_relaxed_constexpr
    Feature record: CXX_FEATURE:0cxx_return_type_deduction
    Feature record: CXX_FEATURE:0cxx_right_angle_brackets
    Feature record: CXX_FEATURE:0cxx_rvalue_references
    Feature record: CXX_FEATURE:0cxx_sizeof_member
    Feature record: CXX_FEATURE:0cxx_static_assert
    Feature record: CXX_FEATURE:0cxx_strong_enums
    Feature record: CXX_FEATURE:1cxx_template_template_parameters
    Feature record: CXX_FEATURE:0cxx_thread_local
    Feature record: CXX_FEATURE:0cxx_trailing_return_types
    Feature record: CXX_FEATURE:0cxx_unicode_literals
    Feature record: CXX_FEATURE:0cxx_uniform_initialization
    Feature record: CXX_FEATURE:0cxx_unrestricted_unions
    Feature record: CXX_FEATURE:0cxx_user_literals
    Feature record: CXX_FEATURE:0cxx_variable_templates
    Feature record: CXX_FEATURE:0cxx_variadic_macros
    Feature record: CXX_FEATURE:0cxx_variadic_templates
Determining if the include file sys/types.h exists passed with the following output:
Change Dir: /Users/chiaracarminati/Downloads/code-4.4.3/build/CMakeFiles/CMakeTmp

Run Build Command:"/usr/bin/make" "cmTC_e19e6/fast"
/Applications/Xcode.app/Contents/Developer/usr/bin/make -f CMakeFiles/cmTC_e19e6.dir/build.make CMakeFiles/cmTC_e19e6.dir/build
Building C object CMakeFiles/cmTC_e19e6.dir/CheckIncludeFile.c.o
/Applications/Xcode.app/Contents/Developer/Toolchains/XcodeDefault.xctoolchain/usr/bin/cc     -o CMakeFiles/cmTC_e19e6.dir/CheckIncludeFile.c.o   -c /Users/chiaracarminati/Downloads/code-4.4.3/build/CMakeFiles/CMakeTmp/CheckIncludeFile.c
Linking C executable cmTC_e19e6
/Applications/CMake.app/Contents/bin/cmake -E cmake_link_script CMakeFiles/cmTC_e19e6.dir/link.txt --verbose=1
/Applications/Xcode.app/Contents/Developer/Toolchains/XcodeDefault.xctoolchain/usr/bin/cc    -Wl,-search_paths_first -Wl,-headerpad_max_install_names   CMakeFiles/cmTC_e19e6.dir/CheckIncludeFile.c.o  -o cmTC_e19e6  


Determining if the include file stdint.h exists passed with the following output:
Change Dir: /Users/chiaracarminati/Downloads/code-4.4.3/build/CMakeFiles/CMakeTmp

Run Build Command:"/usr/bin/make" "cmTC_62380/fast"
/Applications/Xcode.app/Contents/Developer/usr/bin/make -f CMakeFiles/cmTC_62380.dir/build.make CMakeFiles/cmTC_62380.dir/build
Building C object CMakeFiles/cmTC_62380.dir/CheckIncludeFile.c.o
/Applications/Xcode.app/Contents/Developer/Toolchains/XcodeDefault.xctoolchain/usr/bin/cc     -o CMakeFiles/cmTC_62380.dir/CheckIncludeFile.c.o   -c /Users/chiaracarminati/Downloads/code-4.4.3/build/CMakeFiles/CMakeTmp/CheckIncludeFile.c
Linking C executable cmTC_62380
/Applications/CMake.app/Contents/bin/cmake -E cmake_link_script CMakeFiles/cmTC_62380.dir/link.txt --verbose=1
/Applications/Xcode.app/Contents/Developer/Toolchains/XcodeDefault.xctoolchain/usr/bin/cc    -Wl,-search_paths_first -Wl,-headerpad_max_install_names   CMakeFiles/cmTC_62380.dir/CheckIncludeFile.c.o  -o cmTC_62380  


Determining if the include file stddef.h exists passed with the following output:
Change Dir: /Users/chiaracarminati/Downloads/code-4.4.3/build/CMakeFiles/CMakeTmp

Run Build Command:"/usr/bin/make" "cmTC_21d13/fast"
/Applications/Xcode.app/Contents/Developer/usr/bin/make -f CMakeFiles/cmTC_21d13.dir/build.make CMakeFiles/cmTC_21d13.dir/build
Building C object CMakeFiles/cmTC_21d13.dir/CheckIncludeFile.c.o
/Applications/Xcode.app/Contents/Developer/Toolchains/XcodeDefault.xctoolchain/usr/bin/cc     -o CMakeFiles/cmTC_21d13.dir/CheckIncludeFile.c.o   -c /Users/chiaracarminati/Downloads/code-4.4.3/build/CMakeFiles/CMakeTmp/CheckIncludeFile.c
Linking C executable cmTC_21d13
/Applications/CMake.app/Contents/bin/cmake -E cmake_link_script CMakeFiles/cmTC_21d13.dir/link.txt --verbose=1
/Applications/Xcode.app/Contents/Developer/Toolchains/XcodeDefault.xctoolchain/usr/bin/cc    -Wl,-search_paths_first -Wl,-headerpad_max_install_names   CMakeFiles/cmTC_21d13.dir/CheckIncludeFile.c.o  -o cmTC_21d13  


Determining size of int passed with the following output:
Change Dir: /Users/chiaracarminati/Downloads/code-4.4.3/build/CMakeFiles/CMakeTmp

Run Build Command:"/usr/bin/make" "cmTC_a9b5a/fast"
/Applications/Xcode.app/Contents/Developer/usr/bin/make -f CMakeFiles/cmTC_a9b5a.dir/build.make CMakeFiles/cmTC_a9b5a.dir/build
Building C object CMakeFiles/cmTC_a9b5a.dir/SIZEOF_INT.c.o
/Applications/Xcode.app/Contents/Developer/Toolchains/XcodeDefault.xctoolchain/usr/bin/cc     -o CMakeFiles/cmTC_a9b5a.dir/SIZEOF_INT.c.o   -c /Users/chiaracarminati/Downloads/code-4.4.3/build/CMakeFiles/CheckTypeSize/SIZEOF_INT.c
Linking C executable cmTC_a9b5a
/Applications/CMake.app/Contents/bin/cmake -E cmake_link_script CMakeFiles/cmTC_a9b5a.dir/link.txt --verbose=1
/Applications/Xcode.app/Contents/Developer/Toolchains/XcodeDefault.xctoolchain/usr/bin/cc    -Wl,-search_paths_first -Wl,-headerpad_max_install_names   CMakeFiles/cmTC_a9b5a.dir/SIZEOF_INT.c.o  -o cmTC_a9b5a  


Determining size of long int passed with the following output:
Change Dir: /Users/chiaracarminati/Downloads/code-4.4.3/build/CMakeFiles/CMakeTmp

Run Build Command:"/usr/bin/make" "cmTC_3c670/fast"
/Applications/Xcode.app/Contents/Developer/usr/bin/make -f CMakeFiles/cmTC_3c670.dir/build.make CMakeFiles/cmTC_3c670.dir/build
Building C object CMakeFiles/cmTC_3c670.dir/SIZEOF_LONG_INT.c.o
/Applications/Xcode.app/Contents/Developer/Toolchains/XcodeDefault.xctoolchain/usr/bin/cc     -o CMakeFiles/cmTC_3c670.dir/SIZEOF_LONG_INT.c.o   -c /Users/chiaracarminati/Downloads/code-4.4.3/build/CMakeFiles/CheckTypeSize/SIZEOF_LONG_INT.c
Linking C executable cmTC_3c670
/Applications/CMake.app/Contents/bin/cmake -E cmake_link_script CMakeFiles/cmTC_3c670.dir/link.txt --verbose=1
/Applications/Xcode.app/Contents/Developer/Toolchains/XcodeDefault.xctoolchain/usr/bin/cc    -Wl,-search_paths_first -Wl,-headerpad_max_install_names   CMakeFiles/cmTC_3c670.dir/SIZEOF_LONG_INT.c.o  -o cmTC_3c670  


Determining size of long long int passed with the following output:
Change Dir: /Users/chiaracarminati/Downloads/code-4.4.3/build/CMakeFiles/CMakeTmp

Run Build Command:"/usr/bin/make" "cmTC_815cb/fast"
/Applications/Xcode.app/Contents/Developer/usr/bin/make -f CMakeFiles/cmTC_815cb.dir/build.make CMakeFiles/cmTC_815cb.dir/build
Building C object CMakeFiles/cmTC_815cb.dir/SIZEOF_LONG_LONG_INT.c.o
/Applications/Xcode.app/Contents/Developer/Toolchains/XcodeDefault.xctoolchain/usr/bin/cc     -o CMakeFiles/cmTC_815cb.dir/SIZEOF_LONG_LONG_INT.c.o   -c /Users/chiaracarminati/Downloads/code-4.4.3/build/CMakeFiles/CheckTypeSize/SIZEOF_LONG_LONG_INT.c
Linking C executable cmTC_815cb
/Applications/CMake.app/Contents/bin/cmake -E cmake_link_script CMakeFiles/cmTC_815cb.dir/link.txt --verbose=1
/Applications/Xcode.app/Contents/Developer/Toolchains/XcodeDefault.xctoolchain/usr/bin/cc    -Wl,-search_paths_first -Wl,-headerpad_max_install_names   CMakeFiles/cmTC_815cb.dir/SIZEOF_LONG_LONG_INT.c.o  -o cmTC_815cb  


Determining size of unsigned long long int passed with the following output:
Change Dir: /Users/chiaracarminati/Downloads/code-4.4.3/build/CMakeFiles/CMakeTmp

Run Build Command:"/usr/bin/make" "cmTC_79d5b/fast"
/Applications/Xcode.app/Contents/Developer/usr/bin/make -f CMakeFiles/cmTC_79d5b.dir/build.make CMakeFiles/cmTC_79d5b.dir/build
Building C object CMakeFiles/cmTC_79d5b.dir/SIZEOF_UNSIGNED_LONG_LONG_INT.c.o
/Applications/Xcode.app/Contents/Developer/Toolchains/XcodeDefault.xctoolchain/usr/bin/cc     -o CMakeFiles/cmTC_79d5b.dir/SIZEOF_UNSIGNED_LONG_LONG_INT.c.o   -c /Users/chiaracarminati/Downloads/code-4.4.3/build/CMakeFiles/CheckTypeSize/SIZEOF_UNSIGNED_LONG_LONG_INT.c
Linking C executable cmTC_79d5b
/Applications/CMake.app/Contents/bin/cmake -E cmake_link_script CMakeFiles/cmTC_79d5b.dir/link.txt --verbose=1
/Applications/Xcode.app/Contents/Developer/Toolchains/XcodeDefault.xctoolchain/usr/bin/cc    -Wl,-search_paths_first -Wl,-headerpad_max_install_names   CMakeFiles/cmTC_79d5b.dir/SIZEOF_UNSIGNED_LONG_LONG_INT.c.o  -o cmTC_79d5b  


Determining size of size_t passed with the following output:
Change Dir: /Users/chiaracarminati/Downloads/code-4.4.3/build/CMakeFiles/CMakeTmp

Run Build Command:"/usr/bin/make" "cmTC_6b824/fast"
/Applications/Xcode.app/Contents/Developer/usr/bin/make -f CMakeFiles/cmTC_6b824.dir/build.make CMakeFiles/cmTC_6b824.dir/build
Building C object CMakeFiles/cmTC_6b824.dir/SIZEOF_SIZE_T.c.o
/Applications/Xcode.app/Contents/Developer/Toolchains/XcodeDefault.xctoolchain/usr/bin/cc     -o CMakeFiles/cmTC_6b824.dir/SIZEOF_SIZE_T.c.o   -c /Users/chiaracarminati/Downloads/code-4.4.3/build/CMakeFiles/CheckTypeSize/SIZEOF_SIZE_T.c
Linking C executable cmTC_6b824
/Applications/CMake.app/Contents/bin/cmake -E cmake_link_script CMakeFiles/cmTC_6b824.dir/link.txt --verbose=1
/Applications/Xcode.app/Contents/Developer/Toolchains/XcodeDefault.xctoolchain/usr/bin/cc    -Wl,-search_paths_first -Wl,-headerpad_max_install_names   CMakeFiles/cmTC_6b824.dir/SIZEOF_SIZE_T.c.o  -o cmTC_6b824  


Determining if the function ftime exists passed with the following output:
Change Dir: /Users/chiaracarminati/Downloads/code-4.4.3/build/CMakeFiles/CMakeTmp

Run Build Command:"/usr/bin/make" "cmTC_01651/fast"
/Applications/Xcode.app/Contents/Developer/usr/bin/make -f CMakeFiles/cmTC_01651.dir/build.make CMakeFiles/cmTC_01651.dir/build
Building C object CMakeFiles/cmTC_01651.dir/CheckFunctionExists.c.o
/Applications/Xcode.app/Contents/Developer/Toolchains/XcodeDefault.xctoolchain/usr/bin/cc    -DCHECK_FUNCTION_EXISTS=ftime   -o CMakeFiles/cmTC_01651.dir/CheckFunctionExists.c.o   -c /Applications/CMake.app/Contents/share/cmake-3.4/Modules/CheckFunctionExists.c
Linking C executable cmTC_01651
/Applications/CMake.app/Contents/bin/cmake -E cmake_link_script CMakeFiles/cmTC_01651.dir/link.txt --verbose=1
/Applications/Xcode.app/Contents/Developer/Toolchains/XcodeDefault.xctoolchain/usr/bin/cc   -DCHECK_FUNCTION_EXISTS=ftime -Wl,-search_paths_first -Wl,-headerpad_max_install_names   CMakeFiles/cmTC_01651.dir/CheckFunctionExists.c.o  -o cmTC_01651  


Determining if the function tzset exists passed with the following output:
Change Dir: /Users/chiaracarminati/Downloads/code-4.4.3/build/CMakeFiles/CMakeTmp

Run Build Command:"/usr/bin/make" "cmTC_7d3dc/fast"
/Applications/Xcode.app/Contents/Developer/usr/bin/make -f CMakeFiles/cmTC_7d3dc.dir/build.make CMakeFiles/cmTC_7d3dc.dir/build
Building C object CMakeFiles/cmTC_7d3dc.dir/CheckFunctionExists.c.o
/Applications/Xcode.app/Contents/Developer/Toolchains/XcodeDefault.xctoolchain/usr/bin/cc    -DCHECK_FUNCTION_EXISTS=tzset   -o CMakeFiles/cmTC_7d3dc.dir/CheckFunctionExists.c.o   -c /Applications/CMake.app/Contents/share/cmake-3.4/Modules/CheckFunctionExists.c
Linking C executable cmTC_7d3dc
/Applications/CMake.app/Contents/bin/cmake -E cmake_link_script CMakeFiles/cmTC_7d3dc.dir/link.txt --verbose=1
/Applications/Xcode.app/Contents/Developer/Toolchains/XcodeDefault.xctoolchain/usr/bin/cc   -DCHECK_FUNCTION_EXISTS=tzset -Wl,-search_paths_first -Wl,-headerpad_max_install_names   CMakeFiles/cmTC_7d3dc.dir/CheckFunctionExists.c.o  -o cmTC_7d3dc  


Determining if the function strdup exists passed with the following output:
Change Dir: /Users/chiaracarminati/Downloads/code-4.4.3/build/CMakeFiles/CMakeTmp

Run Build Command:"/usr/bin/make" "cmTC_8690e/fast"
/Applications/Xcode.app/Contents/Developer/usr/bin/make -f CMakeFiles/cmTC_8690e.dir/build.make CMakeFiles/cmTC_8690e.dir/build
Building C object CMakeFiles/cmTC_8690e.dir/CheckFunctionExists.c.o
/Applications/Xcode.app/Contents/Developer/Toolchains/XcodeDefault.xctoolchain/usr/bin/cc    -DCHECK_FUNCTION_EXISTS=strdup   -o CMakeFiles/cmTC_8690e.dir/CheckFunctionExists.c.o   -c /Applications/CMake.app/Contents/share/cmake-3.4/Modules/CheckFunctionExists.c
/Applications/CMake.app/Contents/share/cmake-3.4/Modules/CheckFunctionExists.c:6:6: warning: incompatible redeclaration of library function 'strdup' [-Wincompatible-library-redeclaration]
char CHECK_FUNCTION_EXISTS();
     ^
<command line>:1:31: note: expanded from here
#define CHECK_FUNCTION_EXISTS strdup
                              ^
/Applications/CMake.app/Contents/share/cmake-3.4/Modules/CheckFunctionExists.c:6:6: note: 'strdup' is a builtin with type 'char *(const char *)'
<command line>:1:31: note: expanded from here
#define CHECK_FUNCTION_EXISTS strdup
                              ^
1 warning generated.
Linking C executable cmTC_8690e
/Applications/CMake.app/Contents/bin/cmake -E cmake_link_script CMakeFiles/cmTC_8690e.dir/link.txt --verbose=1
/Applications/Xcode.app/Contents/Developer/Toolchains/XcodeDefault.xctoolchain/usr/bin/cc   -DCHECK_FUNCTION_EXISTS=strdup -Wl,-search_paths_first -Wl,-headerpad_max_install_names   CMakeFiles/cmTC_8690e.dir/CheckFunctionExists.c.o  -o cmTC_8690e  


Determining if the include file inttypes.h exists passed with the following output:
Change Dir: /Users/chiaracarminati/Downloads/code-4.4.3/build/CMakeFiles/CMakeTmp

Run Build Command:"/usr/bin/make" "cmTC_fa995/fast"
/Applications/Xcode.app/Contents/Developer/usr/bin/make -f CMakeFiles/cmTC_fa995.dir/build.make CMakeFiles/cmTC_fa995.dir/build
Building C object CMakeFiles/cmTC_fa995.dir/CheckIncludeFile.c.o
/Applications/Xcode.app/Contents/Developer/Toolchains/XcodeDefault.xctoolchain/usr/bin/cc     -o CMakeFiles/cmTC_fa995.dir/CheckIncludeFile.c.o   -c /Users/chiaracarminati/Downloads/code-4.4.3/build/CMakeFiles/CMakeTmp/CheckIncludeFile.c
Linking C executable cmTC_fa995
/Applications/CMake.app/Contents/bin/cmake -E cmake_link_script CMakeFiles/cmTC_fa995.dir/link.txt --verbose=1
/Applications/Xcode.app/Contents/Developer/Toolchains/XcodeDefault.xctoolchain/usr/bin/cc    -Wl,-search_paths_first -Wl,-headerpad_max_install_names   CMakeFiles/cmTC_fa995.dir/CheckIncludeFile.c.o  -o cmTC_fa995  


Determining if the include file dlfcn.h exists passed with the following output:
Change Dir: /Users/chiaracarminati/Downloads/code-4.4.3/build/CMakeFiles/CMakeTmp

Run Build Command:"/usr/bin/make" "cmTC_10ca0/fast"
/Applications/Xcode.app/Contents/Developer/usr/bin/make -f CMakeFiles/cmTC_10ca0.dir/build.make CMakeFiles/cmTC_10ca0.dir/build
Building C object CMakeFiles/cmTC_10ca0.dir/CheckIncludeFile.c.o
/Applications/Xcode.app/Contents/Developer/Toolchains/XcodeDefault.xctoolchain/usr/bin/cc     -o CMakeFiles/cmTC_10ca0.dir/CheckIncludeFile.c.o   -c /Users/chiaracarminati/Downloads/code-4.4.3/build/CMakeFiles/CMakeTmp/CheckIncludeFile.c
Linking C executable cmTC_10ca0
/Applications/CMake.app/Contents/bin/cmake -E cmake_link_script CMakeFiles/cmTC_10ca0.dir/link.txt --verbose=1
/Applications/Xcode.app/Contents/Developer/Toolchains/XcodeDefault.xctoolchain/usr/bin/cc    -Wl,-search_paths_first -Wl,-headerpad_max_install_names   CMakeFiles/cmTC_10ca0.dir/CheckIncludeFile.c.o  -o cmTC_10ca0  


Performing C SOURCE FILE Test RES succeded with the following output:
Change Dir: /Users/chiaracarminati/Downloads/code-4.4.3/build/CMakeFiles/CMakeTmp

Run Build Command:"/usr/bin/make" "cmTC_b597e/fast"
/Applications/Xcode.app/Contents/Developer/usr/bin/make -f CMakeFiles/cmTC_b597e.dir/build.make CMakeFiles/cmTC_b597e.dir/build
Building C object CMakeFiles/cmTC_b597e.dir/src.c.o
/Applications/Xcode.app/Contents/Developer/Toolchains/XcodeDefault.xctoolchain/usr/bin/cc    -DRES   -Wall -Wno-unused-variable -Wno-sign-compare -o CMakeFiles/cmTC_b597e.dir/src.c.o   -c /Users/chiaracarminati/Downloads/code-4.4.3/build/CMakeFiles/CMakeTmp/src.c
Linking C executable cmTC_b597e
/Applications/CMake.app/Contents/bin/cmake -E cmake_link_script CMakeFiles/cmTC_b597e.dir/link.txt --verbose=1
/Applications/Xcode.app/Contents/Developer/Toolchains/XcodeDefault.xctoolchain/usr/bin/cc   -DRES -Wl,-search_paths_first -Wl,-headerpad_max_install_names   CMakeFiles/cmTC_b597e.dir/src.c.o  -o cmTC_b597e  

Source file was:
int main(void) { return 0; }
Performing C++ SOURCE FILE Test COMPILER_HAS_HIDDEN_VISIBILITY succeded with the following output:
Change Dir: /Users/chiaracarminati/Downloads/code-4.4.3/build/CMakeFiles/CMakeTmp

Run Build Command:"/usr/bin/make" "cmTC_19d8f/fast"
/Applications/Xcode.app/Contents/Developer/usr/bin/make -f CMakeFiles/cmTC_19d8f.dir/build.make CMakeFiles/cmTC_19d8f.dir/build
Building CXX object CMakeFiles/cmTC_19d8f.dir/src.cxx.o
/Applications/Xcode.app/Contents/Developer/Toolchains/XcodeDefault.xctoolchain/usr/bin/c++     -Wno-sign-compare -Wno-comment  -DCOMPILER_HAS_HIDDEN_VISIBILITY   -fvisibility=hidden -o CMakeFiles/cmTC_19d8f.dir/src.cxx.o -c /Users/chiaracarminati/Downloads/code-4.4.3/build/CMakeFiles/CMakeTmp/src.cxx
Linking CXX executable cmTC_19d8f
/Applications/CMake.app/Contents/bin/cmake -E cmake_link_script CMakeFiles/cmTC_19d8f.dir/link.txt --verbose=1
/Applications/Xcode.app/Contents/Developer/Toolchains/XcodeDefault.xctoolchain/usr/bin/c++    -Wno-sign-compare -Wno-comment  -DCOMPILER_HAS_HIDDEN_VISIBILITY -Wl,-search_paths_first -Wl,-headerpad_max_install_names   CMakeFiles/cmTC_19d8f.dir/src.cxx.o  -o cmTC_19d8f  

Source file was:
int main() { return 0; }
Performing C++ SOURCE FILE Test COMPILER_HAS_HIDDEN_INLINE_VISIBILITY succeded with the following output:
Change Dir: /Users/chiaracarminati/Downloads/code-4.4.3/build/CMakeFiles/CMakeTmp

Run Build Command:"/usr/bin/make" "cmTC_7a476/fast"
/Applications/Xcode.app/Contents/Developer/usr/bin/make -f CMakeFiles/cmTC_7a476.dir/build.make CMakeFiles/cmTC_7a476.dir/build
Building CXX object CMakeFiles/cmTC_7a476.dir/src.cxx.o
/Applications/Xcode.app/Contents/Developer/Toolchains/XcodeDefault.xctoolchain/usr/bin/c++     -Wno-sign-compare -Wno-comment  -DCOMPILER_HAS_HIDDEN_INLINE_VISIBILITY   -fvisibility-inlines-hidden -o CMakeFiles/cmTC_7a476.dir/src.cxx.o -c /Users/chiaracarminati/Downloads/code-4.4.3/build/CMakeFiles/CMakeTmp/src.cxx
Linking CXX executable cmTC_7a476
/Applications/CMake.app/Contents/bin/cmake -E cmake_link_script CMakeFiles/cmTC_7a476.dir/link.txt --verbose=1
/Applications/Xcode.app/Contents/Developer/Toolchains/XcodeDefault.xctoolchain/usr/bin/c++    -Wno-sign-compare -Wno-comment  -DCOMPILER_HAS_HIDDEN_INLINE_VISIBILITY -Wl,-search_paths_first -Wl,-headerpad_max_install_names   CMakeFiles/cmTC_7a476.dir/src.cxx.o  -o cmTC_7a476  

Source file was:
int main() { return 0; }
Performing C++ SOURCE FILE Test COMPILER_HAS_DEPRECATED_ATTR succeded with the following output:
Change Dir: /Users/chiaracarminati/Downloads/code-4.4.3/build/CMakeFiles/CMakeTmp

Run Build Command:"/usr/bin/make" "cmTC_c9cae/fast"
/Applications/Xcode.app/Contents/Developer/usr/bin/make -f CMakeFiles/cmTC_c9cae.dir/build.make CMakeFiles/cmTC_c9cae.dir/build
Building CXX object CMakeFiles/cmTC_c9cae.dir/src.cxx.o
/Applications/Xcode.app/Contents/Developer/Toolchains/XcodeDefault.xctoolchain/usr/bin/c++     -Wno-sign-compare -Wno-comment  -DCOMPILER_HAS_DEPRECATED_ATTR   -o CMakeFiles/cmTC_c9cae.dir/src.cxx.o -c /Users/chiaracarminati/Downloads/code-4.4.3/build/CMakeFiles/CMakeTmp/src.cxx
/Users/chiaracarminati/Downloads/code-4.4.3/build/CMakeFiles/CMakeTmp/src.cxx:2:25: warning: 'somefunc' is deprecated [-Wdeprecated-declarations]
    int main() { return somefunc();}
                        ^
/Users/chiaracarminati/Downloads/code-4.4.3/build/CMakeFiles/CMakeTmp/src.cxx:1:37: note: 'somefunc' has been explicitly marked deprecated here
__attribute__((__deprecated__)) int somefunc() { return 0; }
                                    ^
1 warning generated.
Linking CXX executable cmTC_c9cae
/Applications/CMake.app/Contents/bin/cmake -E cmake_link_script CMakeFiles/cmTC_c9cae.dir/link.txt --verbose=1
/Applications/Xcode.app/Contents/Developer/Toolchains/XcodeDefault.xctoolchain/usr/bin/c++    -Wno-sign-compare -Wno-comment  -DCOMPILER_HAS_DEPRECATED_ATTR -Wl,-search_paths_first -Wl,-headerpad_max_install_names   CMakeFiles/cmTC_c9cae.dir/src.cxx.o  -o cmTC_c9cae  

Source file was:
__attribute__((__deprecated__)) int somefunc() { return 0; }
    int main() { return somefunc();}
